<?xml version="1.0" encoding="UTF-8"?>
<coverage generated="1765408706921" clover="3.2.0">
  <project timestamp="1765408706922" name="All files">
    <metrics statements="19" coveredstatements="17" conditionals="8" coveredconditionals="7" methods="7" coveredmethods="5" elements="34" coveredelements="29" complexity="0" loc="19" ncloc="19" packages="2" files="2" classes="2"/>
    <package name="components">
      <metrics statements="4" coveredstatements="3" conditionals="0" coveredconditionals="0" methods="3" coveredmethods="1"/>
      <file name="TarjetaDisco.jsx" path="C:\Devs\duoc-PFY2202\taller\app\src\components\TarjetaDisco.jsx">
        <metrics statements="4" coveredstatements="3" conditionals="0" coveredconditionals="0" methods="3" coveredmethods="1"/>
        <line num="4" count="4" type="stmt"/>
        <line num="5" count="4" type="stmt"/>
        <line num="15" count="0" type="stmt"/>
        <line num="18" count="4" type="stmt"/>
      </file>
    </package>
    <package name="pages">
      <metrics statements="15" coveredstatements="14" conditionals="8" coveredconditionals="7" methods="4" coveredmethods="4"/>
      <file name="Catalogo.jsx" path="C:\Devs\duoc-PFY2202\taller\app\src\pages\Catalogo.jsx">
        <metrics statements="15" coveredstatements="14" conditionals="8" coveredconditionals="7" methods="4" coveredmethods="4"/>
        <line num="6" count="1" type="stmt"/>
        <line num="19" count="3" type="stmt"/>
        <line num="20" count="3" type="stmt"/>
        <line num="24" count="3" type="stmt"/>
        <line num="25" count="2" type="cond" truecount="2" falsecount="0"/>
        <line num="26" count="1" type="stmt"/>
        <line num="29" count="3" type="stmt"/>
        <line num="30" count="3" type="cond" truecount="2" falsecount="0"/>
        <line num="31" count="1" type="stmt"/>
        <line num="32" count="2" type="cond" truecount="1" falsecount="1"/>
        <line num="34" count="0" type="stmt"/>
        <line num="37" count="2" type="stmt"/>
        <line num="40" count="2" type="stmt"/>
        <line num="45" count="2" type="stmt"/>
        <line num="64" count="3" type="stmt"/>
      </file>
    </package>
  </project>
</coverage>
