{"C:\\Devs\\duoc-PFY2202\\taller\\app\\src\\components\\TarjetaDisco.jsx": {"path":"C:\\Devs\\duoc-PFY2202\\taller\\app\\src\\components\\TarjetaDisco.jsx","statementMap":{"0":{"start":{"line":4,"column":47},"end":{"line":4,"column":null}},"1":{"start":{"line":5,"column":10},"end":{"line":5,"column":null}},"2":{"start":{"line":15,"column":8},"end":{"line":15,"column":null}},"3":{"start":{"line":18,"column":4},"end":{"line":29,"column":null}}},"fnMap":{"0":{"name":"TarjetaDisco","decl":{"start":{"line":3,"column":9},"end":{"line":3,"column":22}},"loc":{"start":{"line":3,"column":95},"end":{"line":31,"column":null}},"line":3},"1":{"name":"cambiarEstadoFavorito","decl":{"start":{"line":7,"column":13},"end":{"line":7,"column":37}},"loc":{"start":{"line":7,"column":37},"end":{"line":12,"column":null}},"line":7},"2":{"name":"verDetalle","decl":{"start":{"line":14,"column":13},"end":{"line":14,"column":26}},"loc":{"start":{"line":14,"column":26},"end":{"line":16,"column":null}},"line":14}},"branchMap":{},"s":{"0":4,"1":4,"2":0,"3":4},"f":{"0":4,"1":0,"2":0},"b":{},"meta":{"lastBranch":0,"lastFunction":3,"lastStatement":4,"seen":{"f:3:9:3:22":0,"s:4:47:4:Infinity":0,"s:5:10:5:Infinity":1,"f:7:13:7:37":1,"f:14:13:14:26":2,"s:15:8:15:Infinity":2,"s:18:4:29:Infinity":3}}}
,"C:\\Devs\\duoc-PFY2202\\taller\\app\\src\\pages\\Catalogo.jsx": {"path":"C:\\Devs\\duoc-PFY2202\\taller\\app\\src\\pages\\Catalogo.jsx","statementMap":{"0":{"start":{"line":6,"column":27},"end":{"line":6,"column":null}},"1":{"start":{"line":19,"column":32},"end":{"line":19,"column":null}},"2":{"start":{"line":20,"column":33},"end":{"line":22,"column":null}},"3":{"start":{"line":24,"column":4},"end":{"line":27,"column":null}},"4":{"start":{"line":25,"column":8},"end":{"line":26,"column":null}},"5":{"start":{"line":26,"column":12},"end":{"line":26,"column":null}},"6":{"start":{"line":29,"column":20},"end":{"line":62,"column":null}},"7":{"start":{"line":30,"column":8},"end":{"line":61,"column":null}},"8":{"start":{"line":31,"column":12},"end":{"line":31,"column":null}},"9":{"start":{"line":32,"column":8},"end":{"line":61,"column":null}},"10":{"start":{"line":34,"column":12},"end":{"line":34,"column":null}},"11":{"start":{"line":37,"column":12},"end":{"line":60,"column":null}},"12":{"start":{"line":40,"column":34},"end":{"line":40,"column":null}},"13":{"start":{"line":45,"column":24},"end":{"line":54,"column":null}},"14":{"start":{"line":64,"column":4},"end":{"line":68,"column":null}}},"fnMap":{"0":{"name":"Catalogo","decl":{"start":{"line":18,"column":9},"end":{"line":18,"column":75}},"loc":{"start":{"line":18,"column":75},"end":{"line":70,"column":null}},"line":18},"1":{"name":"(anonymous_1)","decl":{"start":{"line":24,"column":14},"end":{"line":24,"column":20}},"loc":{"start":{"line":24,"column":20},"end":{"line":27,"column":7}},"line":24},"2":{"name":"(anonymous_2)","decl":{"start":{"line":29,"column":20},"end":{"line":29,"column":26}},"loc":{"start":{"line":29,"column":26},"end":{"line":62,"column":null}},"line":29},"3":{"name":"(anonymous_3)","decl":{"start":{"line":39,"column":33},"end":{"line":39,"column":34}},"loc":{"start":{"line":39,"column":44},"end":{"line":56,"column":21}},"line":39}},"branchMap":{"0":{"loc":{"start":{"line":25,"column":8},"end":{"line":26,"column":null}},"type":"if","locations":[{"start":{"line":25,"column":8},"end":{"line":26,"column":null}},{"start":{},"end":{}}],"line":25},"1":{"loc":{"start":{"line":30,"column":8},"end":{"line":61,"column":null}},"type":"if","locations":[{"start":{"line":30,"column":8},"end":{"line":61,"column":null}},{"start":{"line":32,"column":8},"end":{"line":61,"column":null}}],"line":30},"2":{"loc":{"start":{"line":32,"column":8},"end":{"line":61,"column":null}},"type":"if","locations":[{"start":{"line":32,"column":8},"end":{"line":61,"column":null}},{"start":{"line":36,"column":13},"end":{"line":61,"column":null}}],"line":32},"3":{"loc":{"start":{"line":38,"column":17},"end":{"line":58,"column":null}},"type":"cond-expr","locations":[{"start":{"line":39,"column":20},"end":{"line":56,"column":null}},{"start":{"line":58,"column":20},"end":{"line":58,"column":null}}],"line":38}},"s":{"0":1,"1":3,"2":3,"3":3,"4":2,"5":1,"6":3,"7":3,"8":1,"9":2,"10":0,"11":2,"12":2,"13":2,"14":3},"f":{"0":3,"1":2,"2":3,"3":2},"b":{"0":[1,1],"1":[1,2],"2":[0,2],"3":[1,1]},"meta":{"lastBranch":4,"lastFunction":4,"lastStatement":15,"seen":{"s:6:27:6:Infinity":0,"f:18:9:18:75":0,"s:19:32:19:Infinity":1,"s:20:33:22:Infinity":2,"s:24:4:27:Infinity":3,"f:24:14:24:20":1,"b:25:8:26:Infinity:undefined:undefined:undefined:undefined":0,"s:25:8:26:Infinity":4,"s:26:12:26:Infinity":5,"s:29:20:62:Infinity":6,"f:29:20:29:26":2,"b:30:8:61:Infinity:32:8:61:Infinity":1,"s:30:8:61:Infinity":7,"s:31:12:31:Infinity":8,"b:32:8:61:Infinity:36:13:61:Infinity":2,"s:32:8:61:Infinity":9,"s:34:12:34:Infinity":10,"s:37:12:60:Infinity":11,"b:39:20:56:Infinity:58:20:58:Infinity":3,"f:39:33:39:34":3,"s:40:34:40:Infinity":12,"s:45:24:54:Infinity":13,"s:64:4:68:Infinity":14}}}
}
