<?xml version="1.0" encoding="UTF-8"?>
<coverage generated="1764198707074" clover="3.2.0">
  <project timestamp="1764198707074" name="All files">
    <metrics statements="32" coveredstatements="26" conditionals="11" coveredconditionals="7" methods="12" coveredmethods="8" elements="55" coveredelements="41" complexity="0" loc="32" ncloc="32" packages="2" files="3" classes="3"/>
    <package name="components">
      <metrics statements="3" coveredstatements="3" conditionals="1" coveredconditionals="0" methods="4" coveredmethods="3"/>
      <file name="Common.jsx" path="C:\Devs\duoc-PFY2202\ejemplo-procesos-vite\src\components\Common.jsx">
        <metrics statements="3" coveredstatements="3" conditionals="1" coveredconditionals="0" methods="4" coveredmethods="3"/>
        <line num="2" count="5" type="stmt"/>
        <line num="6" count="4" type="stmt"/>
        <line num="17" count="2" type="stmt"/>
      </file>
    </package>
    <package name="pages">
      <metrics statements="29" coveredstatements="23" conditionals="10" coveredconditionals="7" methods="8" coveredmethods="5"/>
      <file name="Main.jsx" path="C:\Devs\duoc-PFY2202\ejemplo-procesos-vite\src\pages\Main.jsx">
        <metrics statements="1" coveredstatements="1" conditionals="0" coveredconditionals="0" methods="1" coveredmethods="1"/>
        <line num="4" count="3" type="stmt"/>
      </file>
      <file name="Proceso.jsx" path="C:\Devs\duoc-PFY2202\ejemplo-procesos-vite\src\pages\Proceso.jsx">
        <metrics statements="28" coveredstatements="22" conditionals="10" coveredconditionals="7" methods="7" coveredmethods="4"/>
        <line num="7" count="1" type="stmt"/>
        <line num="17" count="1" type="stmt"/>
        <line num="27" count="3" type="stmt"/>
        <line num="28" count="3" type="stmt"/>
        <line num="29" count="3" type="stmt"/>
        <line num="31" count="3" type="stmt"/>
        <line num="32" count="3" type="stmt"/>
        <line num="36" count="3" type="stmt"/>
        <line num="39" count="0" type="stmt"/>
        <line num="43" count="3" type="stmt"/>
        <line num="44" count="2" type="cond" truecount="2" falsecount="0"/>
        <line num="45" count="1" type="stmt"/>
        <line num="48" count="3" type="stmt"/>
        <line num="51" count="0" type="stmt"/>
        <line num="54" count="3" type="cond" truecount="2" falsecount="0"/>
        <line num="55" count="1" type="stmt"/>
        <line num="56" count="2" type="cond" truecount="1" falsecount="1"/>
        <line num="58" count="0" type="stmt"/>
        <line num="61" count="2" type="stmt"/>
        <line num="63" count="2" type="stmt"/>
        <line num="64" count="2" type="cond" truecount="1" falsecount="1"/>
        <line num="65" count="0" type="stmt"/>
        <line num="70" count="2" type="stmt"/>
        <line num="75" count="2" type="cond" truecount="1" falsecount="1"/>
        <line num="76" count="2" type="stmt"/>
        <line num="78" count="0" type="stmt"/>
        <line num="85" count="2" type="stmt"/>
        <line num="98" count="0" type="stmt"/>
      </file>
    </package>
  </project>
</coverage>
