{"C:\\Devs\\duoc-PFY2202\\ejemplo-procesos-vite\\src\\components\\Common.jsx": {"path":"C:\\Devs\\duoc-PFY2202\\ejemplo-procesos-vite\\src\\components\\Common.jsx","statementMap":{"0":{"start":{"line":2,"column":4},"end":{"line":2,"column":null}},"1":{"start":{"line":6,"column":4},"end":{"line":12,"column":null}},"2":{"start":{"line":17,"column":4},"end":{"line":21,"column":null}}},"fnMap":{"0":{"name":"HeaderSeccion","decl":{"start":{"line":1,"column":9},"end":{"line":1,"column":23}},"loc":{"start":{"line":1,"column":32},"end":{"line":3,"column":null}},"line":1},"1":{"name":"EntradaFormulario","decl":{"start":{"line":5,"column":9},"end":{"line":5,"column":27}},"loc":{"start":{"line":5,"column":50},"end":{"line":14,"column":null}},"line":5},"2":{"name":"BotonFormulario","decl":{"start":{"line":16,"column":9},"end":{"line":16,"column":25}},"loc":{"start":{"line":16,"column":54},"end":{"line":22,"column":null}},"line":16},"3":{"name":"(anonymous_3)","decl":{"start":{"line":16,"column":43},"end":{"line":16,"column":49}},"loc":{"start":{"line":16,"column":49},"end":{"line":16,"column":51}},"line":16}},"branchMap":{"0":{"loc":{"start":{"line":16,"column":33},"end":{"line":16,"column":51}},"type":"default-arg","locations":[{"start":{"line":16,"column":43},"end":{"line":16,"column":51}}],"line":16}},"s":{"0":5,"1":4,"2":2},"f":{"0":5,"1":4,"2":2,"3":0},"b":{"0":[0]},"meta":{"lastBranch":1,"lastFunction":4,"lastStatement":3,"seen":{"f:1:9:1:23":0,"s:2:4:2:Infinity":0,"f:5:9:5:27":1,"s:6:4:12:Infinity":1,"f:16:9:16:25":2,"b:16:43:16:51":0,"f:16:43:16:49":3,"s:17:4:21:Infinity":2}}}
,"C:\\Devs\\duoc-PFY2202\\ejemplo-procesos-vite\\src\\pages\\Main.jsx": {"path":"C:\\Devs\\duoc-PFY2202\\ejemplo-procesos-vite\\src\\pages\\Main.jsx","statementMap":{"0":{"start":{"line":4,"column":4},"end":{"line":8,"column":null}}},"fnMap":{"0":{"name":"Main","decl":{"start":{"line":3,"column":9},"end":{"line":3,"column":16}},"loc":{"start":{"line":3,"column":16},"end":{"line":10,"column":null}},"line":3}},"branchMap":{},"s":{"0":3},"f":{"0":3},"b":{},"meta":{"lastBranch":0,"lastFunction":1,"lastStatement":1,"seen":{"f:3:9:3:16":0,"s:4:4:8:Infinity":0}}}
,"C:\\Devs\\duoc-PFY2202\\ejemplo-procesos-vite\\src\\pages\\Proceso.jsx": {"path":"C:\\Devs\\duoc-PFY2202\\ejemplo-procesos-vite\\src\\pages\\Proceso.jsx","statementMap":{"0":{"start":{"line":7,"column":28},"end":{"line":7,"column":null}},"1":{"start":{"line":17,"column":30},"end":{"line":17,"column":null}},"2":{"start":{"line":27,"column":19},"end":{"line":27,"column":null}},"3":{"start":{"line":28,"column":11},"end":{"line":28,"column":null}},"4":{"start":{"line":29,"column":2},"end":{"line":29,"column":null}},"5":{"start":{"line":31,"column":22},"end":{"line":31,"column":null}},"6":{"start":{"line":32,"column":31},"end":{"line":35,"column":null}},"7":{"start":{"line":36,"column":41},"end":{"line":41,"column":null}},"8":{"start":{"line":39,"column":6},"end":{"line":39,"column":null}},"9":{"start":{"line":43,"column":2},"end":{"line":46,"column":null}},"10":{"start":{"line":44,"column":4},"end":{"line":45,"column":null}},"11":{"start":{"line":45,"column":6},"end":{"line":45,"column":null}},"12":{"start":{"line":48,"column":8},"end":{"line":48,"column":null}},"13":{"start":{"line":51,"column":4},"end":{"line":51,"column":null}},"14":{"start":{"line":54,"column":2},"end":{"line":106,"column":null}},"15":{"start":{"line":55,"column":4},"end":{"line":55,"column":null}},"16":{"start":{"line":56,"column":2},"end":{"line":106,"column":null}},"17":{"start":{"line":58,"column":4},"end":{"line":58,"column":null}},"18":{"start":{"line":61,"column":18},"end":{"line":61,"column":null}},"19":{"start":{"line":63,"column":24},"end":{"line":83,"column":null}},"20":{"start":{"line":64,"column":6},"end":{"line":82,"column":null}},"21":{"start":{"line":65,"column":8},"end":{"line":67,"column":null}},"22":{"start":{"line":70,"column":20},"end":{"line":73,"column":null}},"23":{"start":{"line":70,"column":26},"end":{"line":73,"column":null}},"24":{"start":{"line":75,"column":8},"end":{"line":81,"column":null}},"25":{"start":{"line":76,"column":10},"end":{"line":76,"column":null}},"26":{"start":{"line":78,"column":10},"end":{"line":81,"column":null}},"27":{"start":{"line":85,"column":4},"end":{"line":105,"column":null}},"28":{"start":{"line":98,"column":27},"end":{"line":98,"column":null}}},"fnMap":{"0":{"name":"Proceso","decl":{"start":{"line":26,"column":9},"end":{"line":26,"column":19}},"loc":{"start":{"line":26,"column":19},"end":{"line":107,"column":1}},"line":26},"1":{"name":"(anonymous_1)","decl":{"start":{"line":38,"column":17},"end":{"line":38,"column":23}},"loc":{"start":{"line":38,"column":23},"end":{"line":40,"column":null}},"line":38},"2":{"name":"(anonymous_2)","decl":{"start":{"line":43,"column":12},"end":{"line":43,"column":18}},"loc":{"start":{"line":43,"column":18},"end":{"line":46,"column":5}},"line":43},"3":{"name":"actualizarDescripcion","decl":{"start":{"line":50,"column":11},"end":{"line":50,"column":35}},"loc":{"start":{"line":50,"column":35},"end":{"line":52,"column":null}},"line":50},"4":{"name":"(anonymous_4)","decl":{"start":{"line":63,"column":24},"end":{"line":63,"column":30}},"loc":{"start":{"line":63,"column":30},"end":{"line":83,"column":null}},"line":63},"5":{"name":"(anonymous_5)","decl":{"start":{"line":70,"column":20},"end":{"line":70,"column":26}},"loc":{"start":{"line":70,"column":26},"end":{"line":73,"column":null}},"line":70},"6":{"name":"(anonymous_6)","decl":{"start":{"line":98,"column":22},"end":{"line":98,"column":27}},"loc":{"start":{"line":98,"column":27},"end":{"line":98,"column":null}},"line":98}},"branchMap":{"0":{"loc":{"start":{"line":44,"column":4},"end":{"line":45,"column":null}},"type":"if","locations":[{"start":{"line":44,"column":4},"end":{"line":45,"column":null}},{"start":{},"end":{}}],"line":44},"1":{"loc":{"start":{"line":54,"column":2},"end":{"line":106,"column":null}},"type":"if","locations":[{"start":{"line":54,"column":2},"end":{"line":106,"column":null}},{"start":{"line":56,"column":2},"end":{"line":106,"column":null}}],"line":54},"2":{"loc":{"start":{"line":56,"column":2},"end":{"line":106,"column":null}},"type":"if","locations":[{"start":{"line":56,"column":2},"end":{"line":106,"column":null}},{"start":{"line":60,"column":7},"end":{"line":106,"column":null}}],"line":56},"3":{"loc":{"start":{"line":64,"column":6},"end":{"line":82,"column":null}},"type":"if","locations":[{"start":{"line":64,"column":6},"end":{"line":82,"column":null}},{"start":{"line":69,"column":11},"end":{"line":82,"column":null}}],"line":64},"4":{"loc":{"start":{"line":75,"column":8},"end":{"line":81,"column":null}},"type":"if","locations":[{"start":{"line":75,"column":8},"end":{"line":81,"column":null}},{"start":{"line":78,"column":10},"end":{"line":81,"column":null}}],"line":75}},"s":{"0":1,"1":1,"2":3,"3":3,"4":3,"5":3,"6":3,"7":3,"8":0,"9":3,"10":2,"11":1,"12":3,"13":0,"14":3,"15":1,"16":2,"17":0,"18":2,"19":2,"20":2,"21":0,"22":2,"23":2,"24":2,"25":2,"26":0,"27":2,"28":0},"f":{"0":3,"1":0,"2":2,"3":0,"4":2,"5":2,"6":0},"b":{"0":[1,1],"1":[1,2],"2":[0,2],"3":[0,2],"4":[2,0]},"meta":{"lastBranch":5,"lastFunction":7,"lastStatement":29,"seen":{"s:7:28:7:Infinity":0,"s:17:30:17:Infinity":1,"f:26:9:26:19":0,"s:27:19:27:Infinity":2,"s:28:11:28:Infinity":3,"s:29:2:29:Infinity":4,"s:31:22:31:Infinity":5,"s:32:31:35:Infinity":6,"s:36:41:41:Infinity":7,"f:38:17:38:23":1,"s:39:6:39:Infinity":8,"s:43:2:46:Infinity":9,"f:43:12:43:18":2,"b:44:4:45:Infinity:undefined:undefined:undefined:undefined":0,"s:44:4:45:Infinity":10,"s:45:6:45:Infinity":11,"s:48:8:48:Infinity":12,"f:50:11:50:35":3,"s:51:4:51:Infinity":13,"b:54:2:106:Infinity:56:2:106:Infinity":1,"s:54:2:106:Infinity":14,"s:55:4:55:Infinity":15,"b:56:2:106:Infinity:60:7:106:Infinity":2,"s:56:2:106:Infinity":16,"s:58:4:58:Infinity":17,"s:61:18:61:Infinity":18,"s:63:24:83:Infinity":19,"f:63:24:63:30":4,"b:64:6:82:Infinity:69:11:82:Infinity":3,"s:64:6:82:Infinity":20,"s:65:8:67:Infinity":21,"s:70:20:73:Infinity":22,"f:70:20:70:26":5,"s:70:26:73:Infinity":23,"b:75:8:81:Infinity:78:10:81:Infinity":4,"s:75:8:81:Infinity":24,"s:76:10:76:Infinity":25,"s:78:10:81:Infinity":26,"s:85:4:105:Infinity":27,"f:98:22:98:27":6,"s:98:27:98:Infinity":28}}}
}
